\BOOKMARK [1][-]{section.1}{Introduction}{}% 1
\BOOKMARK [1][-]{section.2}{Research\040Methods}{}% 2
\BOOKMARK [1][-]{section.3}{Background}{}% 3
\BOOKMARK [2][-]{subsection.3.1}{Small\040scale\040computing}{section.3}% 4
\BOOKMARK [2][-]{subsection.3.2}{Microserver}{section.3}% 5
\BOOKMARK [2][-]{subsection.3.3}{Video\040streaming}{section.3}% 6
\BOOKMARK [2][-]{subsection.3.4}{Video\040streaming\040and\040load\040balancing}{section.3}% 7
\BOOKMARK [2][-]{subsection.3.5}{Video\040streaming\040in\040a\040data\040center}{section.3}% 8
\BOOKMARK [3][-]{subsubsection.3.5.1}{Video\040stream\040CDN}{subsection.3.5}% 9
\BOOKMARK [1][-]{section.4}{Related\040work}{}% 10
\BOOKMARK [1][-]{section.5}{System\040description}{}% 11
\BOOKMARK [1][-]{section.6}{Setup\040&\040Experiment}{}% 12
\BOOKMARK [2][-]{subsection.6.1}{Experiment\040approach}{section.6}% 13
\BOOKMARK [2][-]{subsection.6.2}{RPi2\040inside\040a\040data\040center}{section.6}% 14
\BOOKMARK [2][-]{subsection.6.3}{RPi2\040setup}{section.6}% 15
\BOOKMARK [2][-]{subsection.6.4}{Raspberry\040Pi\0402\040testing}{section.6}% 16
\BOOKMARK [3][-]{subsubsection.6.4.1}{CPU\040test}{subsection.6.4}% 17
\BOOKMARK [3][-]{subsubsection.6.4.2}{Iperf\040test}{subsection.6.4}% 18
\BOOKMARK [3][-]{subsubsection.6.4.3}{RTMP\040stream\040test}{subsection.6.4}% 19
\BOOKMARK [3][-]{subsubsection.6.4.4}{Video\040on\040demand\040test}{subsection.6.4}% 20
\BOOKMARK [3][-]{subsubsection.6.4.5}{SMIL\040test}{subsection.6.4}% 21
\BOOKMARK [3][-]{subsubsection.6.4.6}{File\040location\040test}{subsection.6.4}% 22
\BOOKMARK [1][-]{section.7}{Discussion}{}% 23
\BOOKMARK [1][-]{section.8}{Conclusion}{}% 24
\BOOKMARK [1][-]{section.9}{Future\040work}{}% 25
\BOOKMARK [1][-]{section.10}{Acknowledgments}{}% 26
\BOOKMARK [1][-]{appendix.A}{Cost\040structure}{}% 27
\BOOKMARK [1][-]{appendix.B}{Software\040configuration\040and\040testing}{}% 28
\BOOKMARK [2][-]{subsection.B.1}{Raspberry\040Pi\0402}{appendix.B}% 29
\BOOKMARK [3][-]{subsubsection.B.1.1}{GitHub}{subsection.B.1}% 30
