This is XeTeX, Version 3.1415926-2.5-0.9999.3 (MiKTeX 2.9) (preloaded format=xelatex 2014.9.14)  8 JUN 2015 17:44
entering extended mode
**paper.tex
(C:\Users\Paul\Documents\bachelorreferaat\paper\paper.tex
LaTeX2e <2011/06/27>
Babel <v3.8m> and hyphenation patterns for english, afrikaans, ancientgreek, ar
abic, armenian, assamese, basque, bengali, bokmal, bulgarian, catalan, coptic, 
croatian, czech, danish, dutch, esperanto, estonian, farsi, finnish, french, ga
lician, german, german-x-2013-05-26, greek, gujarati, hindi, hungarian, iceland
ic, indonesian, interlingua, irish, italian, kannada, kurmanji, latin, latvian,
 lithuanian, malayalam, marathi, mongolian, mongolianlmc, monogreek, ngerman, n
german-x-2013-05-26, nynorsk, oriya, panjabi, pinyin, polish, portuguese, roman
ian, russian, sanskrit, serbian, slovak, slovenian, spanish, swedish, swissgerm
an, tamil, telugu, turkish, turkmen, ukenglish, ukrainian, uppersorbian, usengl
ishmax, welsh, loaded.
(C:\Users\Paul\Documents\bachelorreferaat\paper\sig-alternate-br.cls
("C:\Program Files (x86)\mik\tex\latex\graphics\epsfig.sty"
Package: epsfig 1999/02/16 v1.7a (e)psfig emulation (SPQR)

("C:\Program Files (x86)\mik\tex\latex\graphics\graphicx.sty"
Package: graphicx 1999/02/16 v1.0f Enhanced LaTeX Graphics (DPC,SPQR)

("C:\Program Files (x86)\mik\tex\latex\graphics\keyval.sty"
Package: keyval 1999/03/16 v1.13 key=value parser (DPC)
\KV@toks@=\toks14
)
("C:\Program Files (x86)\mik\tex\latex\graphics\graphics.sty"
Package: graphics 2009/02/05 v1.0o Standard LaTeX Graphics (DPC,SPQR)

("C:\Program Files (x86)\mik\tex\latex\graphics\trig.sty"
Package: trig 1999/03/16 v1.09 sin cos tan (DPC)
)
("C:\Program Files (x86)\mik\tex\latex\00miktex\graphics.cfg"
File: graphics.cfg 2007/01/18 v1.5 graphics configuration of teTeX/TeXLive
)
Package graphics Info: Driver file: xetex.def on input line 91.

(C:\Users\Paul\AppData\Roaming\MiKTeX\2.9\tex\xelatex\xetex-def\xetex.def
File: xetex.def 2014/07/25 v4.03 LaTeX color/graphics driver for XeTeX (RRM/JK)

))
\Gin@req@height=\dimen102
\Gin@req@width=\dimen103
)
\epsfxsize=\dimen104
\epsfysize=\dimen105
)
("C:\Program Files (x86)\mik\tex\latex\amsfonts\amssymb.sty"
Package: amssymb 2013/01/14 v3.01 AMS font symbols

("C:\Program Files (x86)\mik\tex\latex\amsfonts\amsfonts.sty"
Package: amsfonts 2013/01/14 v3.01 Basic AMSFonts support
\@emptytoks=\toks15
\symAMSa=\mathgroup4
\symAMSb=\mathgroup5
LaTeX Font Info:    Overwriting math alphabet `\mathfrak' in version `bold'
(Font)                  U/euf/m/n --> U/euf/b/n on input line 106.
))
("C:\Program Files (x86)\mik\tex\latex\amsmath\amsmath.sty"
Package: amsmath 2013/01/14 v2.14 AMS math features
\@mathmargin=\skip41

For additional information on amsmath, use the `?' option.
("C:\Program Files (x86)\mik\tex\latex\amsmath\amstext.sty"
Package: amstext 2000/06/29 v2.01

("C:\Program Files (x86)\mik\tex\latex\amsmath\amsgen.sty"
File: amsgen.sty 1999/11/30 v2.0
\@emptytoks=\toks16
\ex@=\dimen106
))
("C:\Program Files (x86)\mik\tex\latex\amsmath\amsbsy.sty"
Package: amsbsy 1999/11/29 v1.2d
\pmbraise@=\dimen107
)
("C:\Program Files (x86)\mik\tex\latex\amsmath\amsopn.sty"
Package: amsopn 1999/12/14 v2.01 operator names
)
\inf@bad=\count80
LaTeX Info: Redefining \frac on input line 210.
\uproot@=\count81
\leftroot@=\count82
LaTeX Info: Redefining \overline on input line 306.
\classnum@=\count83
\DOTSCASE@=\count84
LaTeX Info: Redefining \ldots on input line 378.
LaTeX Info: Redefining \dots on input line 381.
LaTeX Info: Redefining \cdots on input line 466.
\Mathstrutbox@=\box26
\strutbox@=\box27
\big@size=\dimen108
LaTeX Font Info:    Redeclaring font encoding OML on input line 566.
LaTeX Font Info:    Redeclaring font encoding OMS on input line 567.
\macc@depth=\count85
\c@MaxMatrixCols=\count86
\dotsspace@=\muskip10
\c@parentequation=\count87
\dspbrk@lvl=\count88
\tag@help=\toks17
\row@=\count89
\column@=\count90
\maxfields@=\count91
\andhelp@=\toks18
\eqnshift@=\dimen109
\alignsep@=\dimen110
\tagshift@=\dimen111
\tagwidth@=\dimen112
\totwidth@=\dimen113
\lineht@=\dimen114
\@envbody=\toks19
\multlinegap=\skip42
\multlinetaggap=\skip43
\mathdisplay@stack=\toks20
LaTeX Info: Redefining \[ on input line 2665.
LaTeX Info: Redefining \] on input line 2666.
)
Document Class 'sig-alternate-br' <29th. January '10>. Modified by N. Boom, Uni
versity of Twente - n.boom@student.utwente.nl
Document Class 'sig-alternate' <22nd. April '09>. Modified by G.K.M. Tobin/Gerr
y Murray
Based in part upon document Style `acmconf' <22 May 89>. Hacked 4/91 by
shivers@cs.cmu.edu, 4/93 by theobald@cs.mcgill.ca
Excerpts were taken from (Journal Style) 'esub2acm.cls'.
****** Bugs/comments/suggestions/technicalities to Gerry Murray -- murray@hq.ac
m.org ******
Questions on the style, SIGS policies, etc. to Adrienne Griscti griscti@acm.org

\footheight=\dimen115
\@maxsep=\dimen116
\@dblmaxsep=\dimen117
\aucount=\count92
\originalaucount=\count93
\auwidth=\dimen118
\auskip=\dimen119
\auskipcount=\count94
\auskip=\dimen120
\allauboxes=\dimen121
\addauthors=\toks21
\addauflag=\count95
\subtitletext=\toks22
Requested font "ptmb8t" at 12.0pt
Requested font "ptmbi8t" at 12.0pt
Requested font "ptmri8t" at 11.0pt
Requested font "ptmbi8t" at 11.0pt
Requested font "phvb8t" at 18.0pt
Requested font "phvbo8t" at 18.0pt
Requested font "phvr8t" at 14.0pt
Requested font "phvro8t" at 14.0pt
Requested font "phvb8t" at 14.0pt
Requested font "phvr8t" at 12.0pt
Requested font "phvro8t" at 12.0pt
Requested font "phvr8t" at 10.0pt
Requested font "phvro8t" at 10.0pt
Requested font "ptmr8t" at 9.0pt
Requested font "ptmri8t" at 8.0pt
Requested font "ptmr8t" at 8.0pt
\savesection=\count96
\sectioncntr=\count97
\c@figure=\count98
\c@table=\count99
\titleboxnotes=\toks23
\titleboxnoteflag=\count100
Document Class: sig-alternate-br 2009/04/22 - V2.4 - based on acmproc.cls V1.3 
<Nov. 30 '99>
("C:\Program Files (x86)\mik\tex\latex\base\latexsym.sty"
Package: latexsym 1998/08/17 v2.2e Standard LaTeX package (lasy symbols)
\symlasy=\mathgroup6
LaTeX Font Info:    Overwriting symbol font `lasy' in version `bold'
(Font)                  U/lasy/m/n --> U/lasy/b/n on input line 47.
)
Requested font "cmr9" at 9.0pt
\@acmtitlebox=\box28
\titlenotecount=\count101
\tntoks=\toks24
\tntokstwo=\toks25
\tntoksthree=\toks26
\tntoksfour=\toks27
\tntoksfive=\toks28
\catcount=\count102
\copyrightnotice=\toks29
\conf=\toks30
\confinfo=\toks31
\c@part=\count103
\c@section=\count104
\c@subsection=\count105
\c@subsubsection=\count106
\c@subsubsubsection=\count107
\c@paragraph=\count108

Using 'Abbrev' bibliography style
LaTeX Info: Redefining \cite on input line 1217.
\bibindent=\dimen122
\colcntr=\count109
\saveb@x=\box29
\copyrtyr=\toks32
\acmcopyr=\toks33
\boilerplate=\toks34
\copyrightetc=\toks35
("C:\Program Files (x86)\mik\tex\latex\base\fontenc.sty"
Package: fontenc 2005/09/27 v1.99g Standard LaTeX package

("C:\Program Files (x86)\mik\tex\latex\base\t1enc.def"
File: t1enc.def 2005/09/27 v1.99g Standard LaTeX file
LaTeX Font Info:    Redeclaring font encoding T1 on input line 43.
)
LaTeX Font Info:    Try loading font information for T1+aer on input line 100.

("C:\Program Files (x86)\mik\tex\latex\ae\t1aer.fd"
File: t1aer.fd 1997/11/16 Font definitions for T1/aer.
)
Requested font "aer9" at 9.0pt
))
("C:\Program Files (x86)\mik\tex\latex\float\float.sty"
Package: float 2001/11/08 v1.3d Float enhancements (AL)
\c@float@type=\count110
\float@exts=\toks36
\float@box=\box30
\@float@everytoks=\toks37
\@floatcapt=\box31
)
(C:\Users\Paul\AppData\Roaming\MiKTeX\2.9\tex\latex\caption\caption.sty
Package: caption 2013/05/02 v3.3-89 Customizing captions (AR)

(C:\Users\Paul\AppData\Roaming\MiKTeX\2.9\tex\latex\caption\caption3.sty
Package: caption3 2013/05/02 v1.6-88 caption3 kernel (AR)
Package caption3 Info: TeX engine: e-TeX on input line 57.
\captionmargin=\dimen123
\captionmargin@=\dimen124
\captionwidth=\dimen125
\caption@tempdima=\dimen126
\caption@indent=\dimen127
\caption@parindent=\dimen128
\caption@hangindent=\dimen129
\abovecaptionskip=\skip44
\belowcaptionskip=\skip45
Package caption Info: Unknown document class (or package),
(caption)             standard defaults will be used.
)

Package caption Warning: Unsupported document class (or package) detected,
(caption)                usage of the caption package is not recommended.
See the caption package documentation for explanation.

Package caption Info: \@makecaption = \long macro:#1#2-> \vskip 10pt \setbox \@
tempboxa \hbox {\textbf {#1. #2}} \ifdim \wd \@tempboxa >\hsize \textbf {#1. #2
}\par \else \hbox to\hsize {\hfil \box \@tempboxa \hfil } \fi .
\c@ContinuedFloat=\count111
Package caption Info: float package is loaded.
) (C:\Users\Paul\AppData\Roaming\MiKTeX\2.9\tex\latex\caption\subcaption.sty
Package: subcaption 2013/02/03 v1.1-62 Sub-captions (AR)
\c@subfigure=\count112
\c@subtable=\count113
)
("C:\Program Files (x86)\mik\tex\latex\hyperref\hyperref.sty"
Package: hyperref 2012/11/06 v6.83m Hypertext links for LaTeX

("C:\Program Files (x86)\mik\tex\generic\oberdiek\hobsub-hyperref.sty"
Package: hobsub-hyperref 2012/04/25 v1.12 Bundle oberdiek, subset hyperref (HO)


("C:\Program Files (x86)\mik\tex\generic\oberdiek\hobsub-generic.sty"
Package: hobsub-generic 2012/04/25 v1.12 Bundle oberdiek, subset generic (HO)
Package: hobsub 2012/04/25 v1.12 Construct package bundles (HO)
Package: infwarerr 2010/04/08 v1.3 Providing info/warning/error messages (HO)
Package: ltxcmds 2011/11/09 v1.22 LaTeX kernel commands for general use (HO)
Package: ifluatex 2010/03/01 v1.3 Provides the ifluatex switch (HO)
Package ifluatex Info: LuaTeX not detected.
Package: ifvtex 2010/03/01 v1.5 Detect VTeX and its facilities (HO)
Package ifvtex Info: VTeX not detected.
Package: intcalc 2007/09/27 v1.1 Expandable calculations with integers (HO)
Package: ifpdf 2011/01/30 v2.3 Provides the ifpdf switch (HO)
Package ifpdf Info: pdfTeX in PDF mode is not detected.
Package: etexcmds 2011/02/16 v1.5 Avoid name clashes with e-TeX commands (HO)
Package etexcmds Info: Could not find \expanded.
(etexcmds)             That can mean that you are not using pdfTeX 1.50 or
(etexcmds)             that some package has redefined \expanded.
(etexcmds)             In the latter case, load this package earlier.
Package: kvsetkeys 2012/04/25 v1.16 Key value parser (HO)
Package: kvdefinekeys 2011/04/07 v1.3 Define keys (HO)
Package: pdftexcmds 2011/11/29 v0.20 Utility functions of pdfTeX for LuaTeX (HO
)
Package pdftexcmds Info: LuaTeX not detected.
Package pdftexcmds Info: pdfTeX >= 1.30 not detected.
Package pdftexcmds Info: \pdf@primitive is available.
Package pdftexcmds Info: \pdf@ifprimitive is available.
Package pdftexcmds Info: \pdfdraftmode not found.
Package: pdfescape 2011/11/25 v1.13 Implements pdfTeX's escape features (HO)
Package: bigintcalc 2012/04/08 v1.3 Expandable calculations on big integers (HO
)
Package: bitset 2011/01/30 v1.1 Handle bit-vector datatype (HO)
Package: uniquecounter 2011/01/30 v1.2 Provide unlimited unique counter (HO)
)
Package hobsub Info: Skipping package `hobsub' (already loaded).
Package: letltxmacro 2010/09/02 v1.4 Let assignment for LaTeX macros (HO)
Package: hopatch 2011/06/24 v1.1 Wrapper for package hooks (HO)
Package: xcolor-patch 2011/01/30 xcolor patch
Package: atveryend 2011/06/30 v1.8 Hooks at the very end of document (HO)
Package atveryend Info: \enddocument detected (standard20110627).
Package: atbegshi 2011/10/05 v1.16 At begin shipout hook (HO)
Package: refcount 2011/10/16 v3.4 Data extraction from label references (HO)
Package: hycolor 2011/01/30 v1.7 Color options for hyperref/bookmark (HO)
)
("C:\Program Files (x86)\mik\tex\generic\ifxetex\ifxetex.sty"
Package: ifxetex 2010/09/12 v0.6 Provides ifxetex conditional
)
("C:\Program Files (x86)\mik\tex\latex\oberdiek\auxhook.sty"
Package: auxhook 2011/03/04 v1.3 Hooks for auxiliary files (HO)
)
("C:\Program Files (x86)\mik\tex\latex\oberdiek\kvoptions.sty"
Package: kvoptions 2011/06/30 v3.11 Key value format for package options (HO)
)
\@linkdim=\dimen130
\Hy@linkcounter=\count114
\Hy@pagecounter=\count115

("C:\Program Files (x86)\mik\tex\latex\hyperref\pd1enc.def"
File: pd1enc.def 2012/11/06 v6.83m Hyperref: PDFDocEncoding definition (HO)
)
\Hy@SavedSpaceFactor=\count116

("C:\Program Files (x86)\mik\tex\latex\00miktex\hyperref.cfg"
File: hyperref.cfg 2002/06/06 v1.2 hyperref configuration of TeXLive
)
Package hyperref Info: Hyper figures OFF on input line 4443.
Package hyperref Info: Link nesting OFF on input line 4448.
Package hyperref Info: Hyper index ON on input line 4451.
Package hyperref Info: Plain pages OFF on input line 4458.
Package hyperref Info: Backreferencing OFF on input line 4463.
Package hyperref Info: Implicit mode ON; LaTeX internals redefined.
Package hyperref Info: Bookmarks ON on input line 4688.
\c@Hy@tempcnt=\count117

(C:\Users\Paul\AppData\Roaming\MiKTeX\2.9\tex\latex\url\url.sty
\Urlmuskip=\muskip11
Package: url 2013/09/16  ver 3.4  Verb mode for urls, etc.
)
LaTeX Info: Redefining \url on input line 5041.
\XeTeXLinkMargin=\dimen131
Requested font "pzdr" at 0.00002pt
\Fld@menulength=\count118
\Field@Width=\dimen132
\Fld@charsize=\dimen133
Package hyperref Info: Hyper figures OFF on input line 6295.
Package hyperref Info: Link nesting OFF on input line 6300.
Package hyperref Info: Hyper index ON on input line 6303.
Package hyperref Info: backreferencing OFF on input line 6310.
Package hyperref Info: Link coloring OFF on input line 6315.
Package hyperref Info: Link coloring with OCG OFF on input line 6320.
Package hyperref Info: PDF/A mode OFF on input line 6325.
LaTeX Info: Redefining \ref on input line 6365.
LaTeX Info: Redefining \pageref on input line 6369.


Package hyperref Warning: Option `pdfpagelabels' is turned off
(hyperref)                because \thepage is undefined.

\c@Item=\count119
\c@Hfootnote=\count120
)

Package hyperref Message: Driver (autodetected): hxetex.

("C:\Program Files (x86)\mik\tex\latex\hyperref\hxetex.def"
File: hxetex.def 2012/11/06 v6.83m Hyperref driver for XeTeX

("C:\Program Files (x86)\mik\tex\latex\hyperref\puenc.def"
File: puenc.def 2012/11/06 v6.83m Hyperref: PDF Unicode definition (HO)
)
("C:\Program Files (x86)\mik\tex\generic\oberdiek\stringenc.sty"
Package: stringenc 2011/12/02 v1.10 Convert strings between diff. encodings (HO
)
)
\pdfm@box=\box32
\c@Hy@AnnotLevel=\count121
\HyField@AnnotCount=\count122
\Fld@listcount=\count123
\c@bookmark@seq@number=\count124

("C:\Program Files (x86)\mik\tex\latex\oberdiek\rerunfilecheck.sty"
Package: rerunfilecheck 2011/04/15 v1.7 Rerun checks for auxiliary files (HO)
Package rerunfilecheck Info: Feature \pdfmdfivesum is not available
(rerunfilecheck)             (e.g. pdfTeX or LuaTeX with package `pdftexcmds').

(rerunfilecheck)             Therefore file contents cannot be checked efficien
tly
(rerunfilecheck)             and the loading of the package is aborted.
)
\Hy@SectionHShift=\skip46
)
(C:\Users\Paul\AppData\Roaming\MiKTeX\2.9\tex\latex\xcolor\xcolor.sty
Package: xcolor 2007/01/21 v2.11 LaTeX color extensions (UK)

("C:\Program Files (x86)\mik\tex\latex\00miktex\color.cfg"
File: color.cfg 2007/01/18 v1.5 color configuration of teTeX/TeXLive
)
Package xcolor Info: Driver file: xetex.def on input line 225.
Package xcolor Info: Model `cmy' substituted by `cmy0' on input line 1337.
Package xcolor Info: Model `RGB' extended on input line 1353.
Package xcolor Info: Model `HTML' substituted by `rgb' on input line 1355.
Package xcolor Info: Model `Hsb' substituted by `hsb' on input line 1356.
Package xcolor Info: Model `tHsb' substituted by `hsb' on input line 1357.
Package xcolor Info: Model `HSB' substituted by `hsb' on input line 1358.
Package xcolor Info: Model `Gray' substituted by `gray' on input line 1359.
Package xcolor Info: Model `wave' substituted by `hsb' on input line 1360.
)
(C:\Users\Paul\AppData\Roaming\MiKTeX\2.9\tex\latex\enumitem\enumitem.sty
Package: enumitem 2011/09/28 v3.5.2 Customized lists
\labelindent=\skip47
\enit@outerparindent=\dimen134
\enit@toks=\toks38
\enit@inbox=\box33
\enitdp@description=\count125
)
("C:\Program Files (x86)\mik\tex\latex\tools\tabularx.sty"
Package: tabularx 1999/01/07 v2.07 `tabularx' package (DPC)

("C:\Program Files (x86)\mik\tex\latex\tools\array.sty"
Package: array 2008/09/09 v2.4c Tabular extension package (FMi)
\col@sep=\dimen135
\extrarowheight=\dimen136
\NC@list=\toks39
\extratabsurround=\skip48
\backup@length=\skip49
)
\TX@col@width=\dimen137
\TX@old@table=\dimen138
\TX@old@col=\dimen139
\TX@target=\dimen140
\TX@delta=\dimen141
\TX@cols=\count126
\TX@ftn=\toks40
)
(C:\Users\Paul\AppData\Roaming\MiKTeX\2.9\tex\latex\natbib\natbib.sty
Package: natbib 2010/09/13 8.31b (PWD, AO)
\bibhang=\skip50
\bibsep=\skip51
LaTeX Info: Redefining \cite on input line 694.
LaTeX Info: Redefining \citeyear on input line 735.
\c@NAT@ctr=\count127
)
\@float@every@figure=\toks41
\@float@every@table=\toks42

(C:\Users\Paul\Documents\bachelorreferaat\paper\paper.aux)
LaTeX Font Info:    Checking defaults for OML/cmm/m/it on input line 37.
LaTeX Font Info:    ... okay on input line 37.
LaTeX Font Info:    Checking defaults for T1/cmr/m/n on input line 37.
LaTeX Font Info:    ... okay on input line 37.
LaTeX Font Info:    Checking defaults for OT1/cmr/m/n on input line 37.
LaTeX Font Info:    ... okay on input line 37.
LaTeX Font Info:    Checking defaults for OMS/cmsy/m/n on input line 37.
LaTeX Font Info:    ... okay on input line 37.
LaTeX Font Info:    Checking defaults for OMX/cmex/m/n on input line 37.
LaTeX Font Info:    ... okay on input line 37.
LaTeX Font Info:    Checking defaults for U/cmr/m/n on input line 37.
LaTeX Font Info:    ... okay on input line 37.
LaTeX Font Info:    Checking defaults for PD1/pdf/m/n on input line 37.
LaTeX Font Info:    ... okay on input line 37.
LaTeX Font Info:    Checking defaults for PU/pdf/m/n on input line 37.
LaTeX Font Info:    ... okay on input line 37.
Package caption Info: Begin \AtBeginDocument code.
Package caption Info: hyperref package is loaded.
Package caption Info: End \AtBeginDocument code.
\AtBeginShipoutBox=\box34


Package hyperref Warning: Height of page (\paperheight) is invalid (0.0pt),
(hyperref)                using 11in.

Package hyperref Info: Link coloring OFF on input line 37.
("C:\Program Files (x86)\mik\tex\latex\hyperref\nameref.sty"
Package: nameref 2012/10/27 v2.43 Cross-referencing by name of section

("C:\Program Files (x86)\mik\tex\generic\oberdiek\gettitlestring.sty"
Package: gettitlestring 2010/12/03 v1.4 Cleanup title references (HO)
)
\c@section@level=\count128
)
LaTeX Info: Redefining \ref on input line 37.
LaTeX Info: Redefining \pageref on input line 37.
LaTeX Info: Redefining \nameref on input line 37.

(C:\Users\Paul\Documents\bachelorreferaat\paper\paper.out)
(C:\Users\Paul\Documents\bachelorreferaat\paper\paper.out)
\@outlinefile=\write3
Requested font "cmr6" at 6.0pt
Requested font "cmmi9" at 9.0pt
Requested font "cmmi6" at 6.0pt
Requested font "cmsy9" at 9.0pt
Requested font "cmsy6" at 6.0pt
Requested font "cmex9" at 9.0pt
Requested font "cmex7" at 6.0pt
Requested font "cmex7" at 5.0pt
LaTeX Font Info:    Try loading font information for U+msa on input line 92.

("C:\Program Files (x86)\mik\tex\latex\amsfonts\umsa.fd"
File: umsa.fd 2013/01/14 v3.01 AMS symbols A
)
Requested font "msam10" at 9.0pt
Requested font "msam7" at 6.0pt
Requested font "msam5" at 5.0pt
LaTeX Font Info:    Try loading font information for U+msb on input line 92.

("C:\Program Files (x86)\mik\tex\latex\amsfonts\umsb.fd"
File: umsb.fd 2013/01/14 v3.01 AMS symbols B
)
Requested font "msbm10" at 9.0pt
Requested font "msbm7" at 6.0pt
Requested font "msbm5" at 5.0pt
LaTeX Font Info:    Try loading font information for U+lasy on input line 92.

("C:\Program Files (x86)\mik\tex\latex\base\ulasy.fd"
File: ulasy.fd 1998/08/17 v2.2e LaTeX symbol font definitions
)
Requested font "lasy9" at 9.0pt
Requested font "lasy6" at 6.0pt
Requested font "lasy5" at 5.0pt

Overfull \hbox (1009.19989pt too wide) in paragraph at lines 92--92
 [][][][][] 
 []


Overfull \hbox (7.80002pt too wide) in paragraph at lines 92--92
 [] 
 []

("C:\Program Files (x86)\mik\tex\generic\oberdiek\se-ascii-print.def"
File: se-ascii-print.def 2011/12/02 v1.10 stringenc: Printable ASCII characters

)
Overfull \hbox (1.59726pt too wide) in paragraph at lines 99--104
\T1/aer/m/n/9 This band-width us-age causes bot-tle-necks. To pre-vent these
 []


Overfull \hbox (8.5883pt too wide) in paragraph at lines 105--107
\T1/aer/m/n/9 In the Nether-lands, video stream-ing ser-vices such as Youtube
 []


Overfull \hbox (6.07123pt too wide) in paragraph at lines 120--121
[]\T1/aer/m/n/9 How is avail-abil-ity in a RPi2 clus-ter with video stream-
 []

[1


]
File: Design_science.png Graphic file (type QTm)
 <use  "Design_science.png" >
Overfull \hbox (19.2548pt too wide) in paragraph at lines 127--133
\T1/aer/m/n/9 search uses the De-sign Sci-ence method pro-posed by Hevner [[]].

 []

Requested font "aebx9" at 9.0pt

Overfull \hbox (7.10538pt too wide) in paragraph at lines 142--143
[]\T1/aer/m/n/9 Small scale cloud com-put-ing is cloud com-put-ing with smaller

 []

File: VideoStreaming.jpg Graphic file (type QTm)
<use  "VideoStreaming.jpg" > [2]
Overfull \hbox (11.52501pt too wide) in paragraph at lines 174--175
[]\T1/aer/m/n/9 Synchronized Mul-ti-me-dia In-te-gra-tion Lan-guage (SMIL)
 []


Overfull \hbox (2.91942pt too wide) in paragraph at lines 174--175
\T1/aer/m/n/9 to me-dia ob-jects by URLs, al-low-ing them to be shared
 []


Overfull \hbox (4.3241pt too wide) in paragraph at lines 180--181
\T1/aer/m/n/9 mand video stream-ing ser-vice that makes HD movies watch-
 []


Overfull \hbox (5.93495pt too wide) in paragraph at lines 197--201
\T1/aer/m/n/9 Another project called the Be-owulf clus-ter [[]]. This project
 []


Overfull \hbox (2.06572pt too wide) in paragraph at lines 202--206
\T1/aer/m/n/9 stream-ing for a lot of com-pa-nies and uni-ver-si-ties. WOWZA
 []

[3]
File: Pi2ModB1GB_-comp.jpeg Graphic file (type QTm)
 <use  "Pi2ModB1GB_-comp.jpeg" >
File: raspsetup.jpg Graphic file (type QTm)
 <use  "raspsetup.jpg" >
Overfull \hbox (12.0pt too wide) in paragraph at lines 251--252
 [][] 
 []

File: setup.jpg Graphic file (type QTm)
<use  "setup.jpg" > [4]
File: Temperature_Test.png Graphic file (type QTm)
 <use  "Temperature_Test.png" > [5] [6]
(C:\Users\Paul\Documents\bachelorreferaat\paper\paper.bbl
Requested font "aeti9" at 9.0pt
LaTeX Font Info:    Try loading font information for T1+aett on input line 17.

("C:\Program Files (x86)\mik\tex\latex\ae\t1aett.fd"
File: t1aett.fd 1997/11/16 Font definitions for T1/aett.
)
Requested font "aett9" at 9.0pt

Underfull \hbox (badness 10000) in paragraph at lines 35--39
[]$\T1/aett/m/n/9 https : / / github . com / arut / nginx-[]rtmp-[]module$[]\T1
/aer/m/n/9 ,
 []

[7]
Missing character: There is no ’ in font aer9!

Underfull \hbox (badness 10000) in paragraph at lines 90--96
[]\T1/aer/m/n/9 de Volk-skrant.  Ned-er-land op vi-jfde
 []


Underfull \hbox (badness 10000) in paragraph at lines 90--96
\T1/aer/m/n/9 plek met bi-jna miljoen netflix-abonnees.
 []


Underfull \hbox (badness 10000) in paragraph at lines 90--96
\T1/aer/m/n/9 http://www.volkskrant.nl/media/nederland-
 []


Underfull \hbox (badness 10000) in paragraph at lines 90--96
\T1/aer/m/n/9 op-vijfde-plek-met-bijna-miljoen-netflix-
 []


Underfull \hbox (badness 1303) in paragraph at lines 90--96
\T1/aer/m/n/9 abonnees a3851031/, 2015.  Last ac-cessed May
 []


Underfull \hbox (badness 1668) in paragraph at lines 113--118
[]\T1/aer/m/n/9 R. P. FOUN-DA-TION.  Rasp-berry pi 2 model
 []


Underfull \hbox (badness 10000) in paragraph at lines 113--118
\T1/aer/m/n/9 b.  []$\T1/aett/m/n/9 https : / / www . raspberrypi . org / produ
cts /
 []


Underfull \hbox (badness 1102) in paragraph at lines 113--118
\T1/aett/m/n/9 raspberry-[]pi-[]2-[]model-[]b/$[]\T1/aer/m/n/9 , 2015.  Last ac
-cessed
 []


Underfull \hbox (badness 10000) in paragraph at lines 120--126
\T1/aett/m/n/9 com / about / datacenters / efficiency / internal /
 []


Underfull \hbox (badness 1348) in paragraph at lines 147--153
[]\T1/aer/m/n/9 J. Kiepert.  Cre-at-ing a rasp-berry pi-based be-
 []


Underfull \hbox (badness 10000) in paragraph at lines 147--153
\T1/aett/m/n/9 files / 2013 / 05 / Creating . a . Raspberry . Pi-[]Based .
 []


Underfull \vbox (badness 10000) has occurred while \output is active []

Missing character: There is no – in font aer9!

Underfull \hbox (badness 1019) in paragraph at lines 195--201
\T1/aer/m/it/9 Top-ics in Cloud Com-put-ing\T1/aer/m/n/9 , Hot-Cloud'10, pages
 []


Underfull \hbox (badness 1629) in paragraph at lines 215--219
[]\T1/aer/m/n/9 PCextreme.  Rasp-berry pi colo-catie.  []$\T1/aett/m/n/9 http :
 / /
 []


Underfull \hbox (badness 10000) in paragraph at lines 227--232
[]\T1/aer/m/n/9 R. W. Server.  Com-par-ing the per-for-
 []


Underfull \hbox (badness 10000) in paragraph at lines 227--232
\T1/aer/m/n/9 mance of ng-inx and apache web servers.
 []


Underfull \hbox (badness 10000) in paragraph at lines 227--232
\T1/aer/m/n/9 http://raspberrywebserver.com/raspberrypicluster/
 []


Underfull \hbox (badness 10000) in paragraph at lines 227--232
\T1/aer/m/n/9 comparing-the-performance-of-nginx-and-apache-
 []


Underfull \hbox (badness 1675) in paragraph at lines 227--232
\T1/aer/m/n/9 web-servers.html, 2014.  Last ac-cessed June 5,
 []


Underfull \hbox (badness 10000) in paragraph at lines 246--252
[]\T1/aer/m/n/9 techrepublic.  10 things you should
 []


Underfull \hbox (badness 10000) in paragraph at lines 246--252
\T1/aer/m/n/9 know about mi-croservers.  []$\T1/aett/m/n/9 http : / /
 []


Underfull \hbox (badness 10000) in paragraph at lines 246--252
\T1/aett/m/n/9 www . techrepublic . com / blog / 10-[]things /
 []


Overfull \hbox (4.44537pt too wide) in paragraph at lines 246--252
\T1/aett/m/n/9 10-[]things-[]you-[]should-[]know-[]about-[]microservers/$[]\T1/
aer/m/n/9 ,
 []

) [8]
File: cost_cluster.png Graphic file (type QTm)
 <use  "cost_cluster.png" >
Overfull \hbox (269.4007pt too wide) in paragraph at lines 391--393
[][]
 []


Overfull \hbox (27.96803pt too wide) in paragraph at lines 397--397
[]\secfnt SOFTWARE CON-FIG-U-RA-TION AND TEST-
 []


Overfull \hbox (3.59637pt too wide) in paragraph at lines 402--405
[]$\T1/aett/m/n/9 https : / / github . com / PaulVelthuis93 / bachelorreferaat$
[] 
 []

Package atveryend Info: Empty hook `BeforeClearDocument' on input line 406.
[9


]
Package atveryend Info: Empty hook `AfterLastShipout' on input line 406.
 (C:\Users\Paul\Documents\bachelorreferaat\paper\paper.aux)
Package atveryend Info: Empty hook `AtVeryEndDocument' on input line 406.
Package atveryend Info: Empty hook `AtEndAfterFileList' on input line 406.
Package atveryend Info: Empty hook `AtVeryVeryEnd' on input line 406.
 ) 
Here is how much of TeX's memory you used:
 11490 strings out of 429025
 159023 string characters out of 3167967
 241725 words of memory out of 3000000
 14657 multiletter control sequences out of 15000+200000
 40496 words of font info for 53 fonts, out of 3000000 for 9000
 912 hyphenation exceptions out of 8191
 39i,11n,45p,1414b,432s stack positions out of 5000i,500n,10000p,200000b,50000s

Output written on paper.pdf (9 pages).
